**** 証明書インストール処理: 2018/03/28 14:38:03.69
ADMIN=yes
ELEVATED=
このファイルは管理者権限での実行が必要です
昇格を行いますので、しばらくお待ちください
**** 証明書インストール処理終了: 2018/03/28 14:38:05.39
**** 証明書インストール処理: 2018/03/28 14:38:05.43
ADMIN=yes
ELEVATED=yes
ローカルコンピュータに証明書をインストールします。
コピー処理実施: 証明書1
ROOT "信頼されたルート証明機関"
署名は公開キーと一致します
関連のある証明書:

完全な一致:
要素 12:
シリアル番号: a371061ed991a85a
発行者: CN=testdkbudget.japaneast.cloudapp.azure.com
 この日以降: 2017/12/26 9:45
 この日以前: 2027/12/24 9:45
サブジェクト: CN=testdkbudget.japaneast.cloudapp.azure.com
署名は公開キーと一致します
ルート証明書: サブジェクトと発行者は一致します
Cert ハッシュ(sha1): 2b627afb6962b7441f022d3b433669f37e7e1a10

証明書 "testdkbudget.japaneast.cloudapp.azure.com" は既にストアにあります。
CertUtil: -addstore コマンドは正常に完了しました。
**** 証明書インストール処理終了: 2018/03/28 14:38:05.55
